C:\USERS\CNS LAB\DOCUMENTS\VISUAL STUDIO 2010\PROJECTS\GAITEXPERIMENT\GAITEXPERIMENT\RELEASE\CACQUISITION.OBJ
C:\USERS\CNS LAB\DOCUMENTS\VISUAL STUDIO 2010\PROJECTS\GAITEXPERIMENT\GAITEXPERIMENT\RELEASE\CDF.OBJ
C:\Users\CNS Lab\Documents\Visual Studio 2010\Projects\GaitExperiment\GaitExperiment\Release\cl.command.1.tlog
C:\Users\CNS Lab\Documents\Visual Studio 2010\Projects\GaitExperiment\GaitExperiment\Release\CL.read.1.tlog
C:\Users\CNS Lab\Documents\Visual Studio 2010\Projects\GaitExperiment\GaitExperiment\Release\CL.write.1.tlog
C:\USERS\CNS LAB\DOCUMENTS\VISUAL STUDIO 2010\PROJECTS\GAITEXPERIMENT\GAITEXPERIMENT\RELEASE\GAITEXPERIMENT.EXE.INTERMEDIATE.MANIFEST
C:\USERS\CNS LAB\DOCUMENTS\VISUAL STUDIO 2010\PROJECTS\GAITEXPERIMENT\GAITEXPERIMENT\RELEASE\GAITEXPERIMENT.OBJ
C:\USERS\CNS LAB\DOCUMENTS\VISUAL STUDIO 2010\PROJECTS\GAITEXPERIMENT\GAITEXPERIMENT\RELEASE\GAITEXPERIMENT.PCH
C:\Users\CNS Lab\Documents\Visual Studio 2010\Projects\GaitExperiment\GaitExperiment\Release\GaitExperiment.vcxprojResolveAssemblyReference.cache
C:\Users\CNS Lab\Documents\Visual Studio 2010\Projects\GaitExperiment\GaitExperiment\Release\GaitExperiment.write.1.tlog
C:\USERS\CNS LAB\DOCUMENTS\VISUAL STUDIO 2010\PROJECTS\GAITEXPERIMENT\GAITEXPERIMENT\RELEASE\GEXPERIMENT.OBJ
C:\USERS\CNS LAB\DOCUMENTS\VISUAL STUDIO 2010\PROJECTS\GAITEXPERIMENT\GAITEXPERIMENT\RELEASE\ICUBE.OBJ
C:\USERS\CNS LAB\DOCUMENTS\VISUAL STUDIO 2010\PROJECTS\GAITEXPERIMENT\GAITEXPERIMENT\RELEASE\ISENSE.OBJ
C:\Users\CNS Lab\Documents\Visual Studio 2010\Projects\GaitExperiment\GaitExperiment\Release\link.command.1.tlog
C:\Users\CNS Lab\Documents\Visual Studio 2010\Projects\GaitExperiment\GaitExperiment\Release\link.read.1.tlog
C:\Users\CNS Lab\Documents\Visual Studio 2010\Projects\GaitExperiment\GaitExperiment\Release\link.write.1.tlog
C:\USERS\CNS LAB\DOCUMENTS\VISUAL STUDIO 2010\PROJECTS\GAITEXPERIMENT\GAITEXPERIMENT\RELEASE\METRONOME.OBJ
C:\Users\CNS Lab\Documents\Visual Studio 2010\Projects\GaitExperiment\GaitExperiment\Release\mt.command.1.tlog
C:\Users\CNS Lab\Documents\Visual Studio 2010\Projects\GaitExperiment\GaitExperiment\Release\mt.read.1.tlog
C:\Users\CNS Lab\Documents\Visual Studio 2010\Projects\GaitExperiment\GaitExperiment\Release\mt.write.1.tlog
C:\Users\CNS Lab\Documents\Visual Studio 2010\Projects\GaitExperiment\GaitExperiment\Release\peripheralslib.tlh
C:\Users\CNS Lab\Documents\Visual Studio 2010\Projects\GaitExperiment\GaitExperiment\Release\peripheralslib.tli
C:\USERS\CNS LAB\DOCUMENTS\VISUAL STUDIO 2010\PROJECTS\GAITEXPERIMENT\GAITEXPERIMENT\RELEASE\STDAFX.OBJ
C:\USERS\CNS LAB\DOCUMENTS\VISUAL STUDIO 2010\PROJECTS\GAITEXPERIMENT\GAITEXPERIMENT\RELEASE\VC100.PDB
C:\USERS\CNS LAB\DOCUMENTS\VISUAL STUDIO 2010\PROJECTS\GAITEXPERIMENT\GAITEXPERIMENT\RELEASE\ZANT.OBJ
C:\USERS\CNS LAB\DOCUMENTS\VISUAL STUDIO 2010\PROJECTS\GAITEXPERIMENT\RELEASE\GAITEXPERIMENT.EXE
C:\Users\CNS Lab\Documents\Visual Studio 2010\Projects\GaitExperiment\Release\GaitExperiment.exp
C:\Users\CNS Lab\Documents\Visual Studio 2010\Projects\GaitExperiment\Release\GaitExperiment.lib
C:\USERS\CNS LAB\DOCUMENTS\VISUAL STUDIO 2010\PROJECTS\GAITEXPERIMENT\RELEASE\GAITEXPERIMENT.PDB
