C:\USERS\CNS LAB\DOCUMENTS\VISUAL STUDIO 2010\PROJECTS\GAITEXPERIMENT\DEBUG\GAITEXPERIMENT.EXE
C:\Users\CNS Lab\Documents\Visual Studio 2010\Projects\GaitExperiment\Debug\GaitExperiment.exp
C:\USERS\CNS LAB\DOCUMENTS\VISUAL STUDIO 2010\PROJECTS\GAITEXPERIMENT\DEBUG\GAITEXPERIMENT.ILK
C:\Users\CNS Lab\Documents\Visual Studio 2010\Projects\GaitExperiment\Debug\GaitExperiment.lib
C:\USERS\CNS LAB\DOCUMENTS\VISUAL STUDIO 2010\PROJECTS\GAITEXPERIMENT\DEBUG\GAITEXPERIMENT.PDB
C:\USERS\CNS LAB\DOCUMENTS\VISUAL STUDIO 2010\PROJECTS\GAITEXPERIMENT\GAITEXPERIMENT\DEBUG\CACQUISITION.OBJ
C:\USERS\CNS LAB\DOCUMENTS\VISUAL STUDIO 2010\PROJECTS\GAITEXPERIMENT\GAITEXPERIMENT\DEBUG\CDF.OBJ
C:\Users\CNS Lab\Documents\Visual Studio 2010\Projects\GaitExperiment\GaitExperiment\Debug\cl.command.1.tlog
C:\Users\CNS Lab\Documents\Visual Studio 2010\Projects\GaitExperiment\GaitExperiment\Debug\CL.read.1.tlog
C:\Users\CNS Lab\Documents\Visual Studio 2010\Projects\GaitExperiment\GaitExperiment\Debug\CL.write.1.tlog
C:\USERS\CNS LAB\DOCUMENTS\VISUAL STUDIO 2010\PROJECTS\GAITEXPERIMENT\GAITEXPERIMENT\DEBUG\GAITEXPERIMENT.EXE.EMBED.MANIFEST
C:\USERS\CNS LAB\DOCUMENTS\VISUAL STUDIO 2010\PROJECTS\GAITEXPERIMENT\GAITEXPERIMENT\DEBUG\GAITEXPERIMENT.EXE.EMBED.MANIFEST.RES
C:\USERS\CNS LAB\DOCUMENTS\VISUAL STUDIO 2010\PROJECTS\GAITEXPERIMENT\GAITEXPERIMENT\DEBUG\GAITEXPERIMENT.EXE.INTERMEDIATE.MANIFEST
C:\USERS\CNS LAB\DOCUMENTS\VISUAL STUDIO 2010\PROJECTS\GAITEXPERIMENT\GAITEXPERIMENT\DEBUG\GAITEXPERIMENT.OBJ
C:\USERS\CNS LAB\DOCUMENTS\VISUAL STUDIO 2010\PROJECTS\GAITEXPERIMENT\GAITEXPERIMENT\DEBUG\GAITEXPERIMENT.PCH
C:\Users\CNS Lab\Documents\Visual Studio 2010\Projects\GaitExperiment\GaitExperiment\Debug\GaitExperiment.write.1.tlog
C:\Users\CNS Lab\Documents\Visual Studio 2010\Projects\GaitExperiment\GaitExperiment\Debug\GaitExperiment_manifest.rc
C:\USERS\CNS LAB\DOCUMENTS\VISUAL STUDIO 2010\PROJECTS\GAITEXPERIMENT\GAITEXPERIMENT\DEBUG\ICUBE.OBJ
C:\USERS\CNS LAB\DOCUMENTS\VISUAL STUDIO 2010\PROJECTS\GAITEXPERIMENT\GAITEXPERIMENT\DEBUG\ISENSE.OBJ
C:\Users\CNS Lab\Documents\Visual Studio 2010\Projects\GaitExperiment\GaitExperiment\Debug\link.4828.read.1.tlog
C:\Users\CNS Lab\Documents\Visual Studio 2010\Projects\GaitExperiment\GaitExperiment\Debug\link.4828.write.1.tlog
C:\Users\CNS Lab\Documents\Visual Studio 2010\Projects\GaitExperiment\GaitExperiment\Debug\link.4828-cvtres.read.1.tlog
C:\Users\CNS Lab\Documents\Visual Studio 2010\Projects\GaitExperiment\GaitExperiment\Debug\link.4828-cvtres.write.1.tlog
C:\Users\CNS Lab\Documents\Visual Studio 2010\Projects\GaitExperiment\GaitExperiment\Debug\link.5476.read.1.tlog
C:\Users\CNS Lab\Documents\Visual Studio 2010\Projects\GaitExperiment\GaitExperiment\Debug\link.5476.write.1.tlog
C:\Users\CNS Lab\Documents\Visual Studio 2010\Projects\GaitExperiment\GaitExperiment\Debug\link.5476-cvtres.read.1.tlog
C:\Users\CNS Lab\Documents\Visual Studio 2010\Projects\GaitExperiment\GaitExperiment\Debug\link.5476-cvtres.write.1.tlog
C:\Users\CNS Lab\Documents\Visual Studio 2010\Projects\GaitExperiment\GaitExperiment\Debug\link.6020.read.1.tlog
C:\Users\CNS Lab\Documents\Visual Studio 2010\Projects\GaitExperiment\GaitExperiment\Debug\link.6020.write.1.tlog
C:\Users\CNS Lab\Documents\Visual Studio 2010\Projects\GaitExperiment\GaitExperiment\Debug\link.6020-cvtres.read.1.tlog
C:\Users\CNS Lab\Documents\Visual Studio 2010\Projects\GaitExperiment\GaitExperiment\Debug\link.6020-cvtres.write.1.tlog
C:\Users\CNS Lab\Documents\Visual Studio 2010\Projects\GaitExperiment\GaitExperiment\Debug\link.6072.read.1.tlog
C:\Users\CNS Lab\Documents\Visual Studio 2010\Projects\GaitExperiment\GaitExperiment\Debug\link.6072.write.1.tlog
C:\Users\CNS Lab\Documents\Visual Studio 2010\Projects\GaitExperiment\GaitExperiment\Debug\link.6072-cvtres.read.1.tlog
C:\Users\CNS Lab\Documents\Visual Studio 2010\Projects\GaitExperiment\GaitExperiment\Debug\link.6072-cvtres.write.1.tlog
C:\Users\CNS Lab\Documents\Visual Studio 2010\Projects\GaitExperiment\GaitExperiment\Debug\link.6084.read.1.tlog
C:\Users\CNS Lab\Documents\Visual Studio 2010\Projects\GaitExperiment\GaitExperiment\Debug\link.6084.write.1.tlog
C:\Users\CNS Lab\Documents\Visual Studio 2010\Projects\GaitExperiment\GaitExperiment\Debug\link.6100.read.1.tlog
C:\Users\CNS Lab\Documents\Visual Studio 2010\Projects\GaitExperiment\GaitExperiment\Debug\link.6100.write.1.tlog
C:\Users\CNS Lab\Documents\Visual Studio 2010\Projects\GaitExperiment\GaitExperiment\Debug\link.6100-cvtres.read.1.tlog
C:\Users\CNS Lab\Documents\Visual Studio 2010\Projects\GaitExperiment\GaitExperiment\Debug\link.6100-cvtres.write.1.tlog
C:\Users\CNS Lab\Documents\Visual Studio 2010\Projects\GaitExperiment\GaitExperiment\Debug\link.6148.read.1.tlog
C:\Users\CNS Lab\Documents\Visual Studio 2010\Projects\GaitExperiment\GaitExperiment\Debug\link.6148.write.1.tlog
C:\Users\CNS Lab\Documents\Visual Studio 2010\Projects\GaitExperiment\GaitExperiment\Debug\link.6148-cvtres.read.1.tlog
C:\Users\CNS Lab\Documents\Visual Studio 2010\Projects\GaitExperiment\GaitExperiment\Debug\link.6148-cvtres.write.1.tlog
C:\Users\CNS Lab\Documents\Visual Studio 2010\Projects\GaitExperiment\GaitExperiment\Debug\link.command.1.tlog
C:\Users\CNS Lab\Documents\Visual Studio 2010\Projects\GaitExperiment\GaitExperiment\Debug\link.read.1.tlog
C:\Users\CNS Lab\Documents\Visual Studio 2010\Projects\GaitExperiment\GaitExperiment\Debug\link.write.1.tlog
C:\Users\CNS Lab\Documents\Visual Studio 2010\Projects\GaitExperiment\GaitExperiment\Debug\link-cvtres.read.1.tlog
C:\Users\CNS Lab\Documents\Visual Studio 2010\Projects\GaitExperiment\GaitExperiment\Debug\link-cvtres.write.1.tlog
C:\USERS\CNS LAB\DOCUMENTS\VISUAL STUDIO 2010\PROJECTS\GAITEXPERIMENT\GAITEXPERIMENT\DEBUG\METRONOME.OBJ
C:\Users\CNS Lab\Documents\Visual Studio 2010\Projects\GaitExperiment\GaitExperiment\Debug\mt.command.1.tlog
C:\Users\CNS Lab\Documents\Visual Studio 2010\Projects\GaitExperiment\GaitExperiment\Debug\mt.read.1.tlog
C:\Users\CNS Lab\Documents\Visual Studio 2010\Projects\GaitExperiment\GaitExperiment\Debug\mt.write.1.tlog
C:\Users\CNS Lab\Documents\Visual Studio 2010\Projects\GaitExperiment\GaitExperiment\Debug\peripheralslib.tlh
C:\Users\CNS Lab\Documents\Visual Studio 2010\Projects\GaitExperiment\GaitExperiment\Debug\peripheralslib.tli
C:\Users\CNS Lab\Documents\Visual Studio 2010\Projects\GaitExperiment\GaitExperiment\Debug\rc.command.1.tlog
C:\Users\CNS Lab\Documents\Visual Studio 2010\Projects\GaitExperiment\GaitExperiment\Debug\rc.read.1.tlog
C:\Users\CNS Lab\Documents\Visual Studio 2010\Projects\GaitExperiment\GaitExperiment\Debug\rc.write.1.tlog
C:\USERS\CNS LAB\DOCUMENTS\VISUAL STUDIO 2010\PROJECTS\GAITEXPERIMENT\GAITEXPERIMENT\DEBUG\STDAFX.OBJ
C:\Users\CNS Lab\Documents\Visual Studio 2010\Projects\GaitExperiment\GaitExperiment\Debug\vc100.idb
C:\USERS\CNS LAB\DOCUMENTS\VISUAL STUDIO 2010\PROJECTS\GAITEXPERIMENT\GAITEXPERIMENT\DEBUG\VC100.PDB
C:\USERS\CNS LAB\DOCUMENTS\VISUAL STUDIO 2010\PROJECTS\GAITEXPERIMENT\GAITEXPERIMENT\DEBUG\ZANT.OBJ
