C:\USERS\AWISTI\DOCUMENTS\VISUAL STUDIO 2010\PROJECTS\ORIENTATION EXPERIMENT\ORIENTATION EXPERIMENT\DEBUG\ORIENTATION EXPERIMENT.EXE.EMBED.MANIFEST.RES
C:\USERS\AWISTI\DOCUMENTS\VISUAL STUDIO 2010\PROJECTS\ORIENTATION EXPERIMENT\ORIENTATION EXPERIMENT\DEBUG\ORIENTATION EXPERIMENT.PCH
C:\USERS\AWISTI\DOCUMENTS\VISUAL STUDIO 2010\PROJECTS\ORIENTATION EXPERIMENT\ORIENTATION EXPERIMENT\DEBUG\ORIENTATION EXPERIMENT.RES
C:\USERS\AWISTI\DOCUMENTS\VISUAL STUDIO 2010\PROJECTS\ORIENTATION EXPERIMENT\ORIENTATION EXPERIMENT\DEBUG\VC100.PDB
C:\Users\CNS Lab\Documents\Visual Studio 2010\Projects\Orientation Experiment\Debug\Orientation Experiment.pdb
C:\Users\CNS Lab\Documents\Visual Studio 2010\Projects\Orientation Experiment\Orientation Experiment\Debug\cdf.obj
C:\Users\CNS Lab\Documents\Visual Studio 2010\Projects\Orientation Experiment\Orientation Experiment\Debug\cl.command.1.tlog
C:\Users\CNS Lab\Documents\Visual Studio 2010\Projects\Orientation Experiment\Orientation Experiment\Debug\CL.read.1.tlog
C:\Users\CNS Lab\Documents\Visual Studio 2010\Projects\Orientation Experiment\Orientation Experiment\Debug\CL.write.1.tlog
C:\Users\CNS Lab\Documents\Visual Studio 2010\Projects\Orientation Experiment\Orientation Experiment\Debug\icube.obj
C:\Users\CNS Lab\Documents\Visual Studio 2010\Projects\Orientation Experiment\Orientation Experiment\Debug\link.command.1.tlog
C:\Users\CNS Lab\Documents\Visual Studio 2010\Projects\Orientation Experiment\Orientation Experiment\Debug\link.read.1.tlog
C:\Users\CNS Lab\Documents\Visual Studio 2010\Projects\Orientation Experiment\Orientation Experiment\Debug\link.write.1.tlog
C:\Users\CNS Lab\Documents\Visual Studio 2010\Projects\Orientation Experiment\Orientation Experiment\Debug\link-cvtres.read.1.tlog
C:\Users\CNS Lab\Documents\Visual Studio 2010\Projects\Orientation Experiment\Orientation Experiment\Debug\link-cvtres.write.1.tlog
C:\Users\CNS Lab\Documents\Visual Studio 2010\Projects\Orientation Experiment\Orientation Experiment\Debug\Orientation Experiment.exe.embed.manifest
C:\Users\CNS Lab\Documents\Visual Studio 2010\Projects\Orientation Experiment\Orientation Experiment\Debug\Orientation Experiment.exe.embed.manifest.res
C:\Users\CNS Lab\Documents\Visual Studio 2010\Projects\Orientation Experiment\Orientation Experiment\Debug\Orientation Experiment.exe.intermediate.manifest
C:\Users\CNS Lab\Documents\Visual Studio 2010\Projects\Orientation Experiment\Orientation Experiment\Debug\Orientation Experiment.obj
C:\Users\CNS Lab\Documents\Visual Studio 2010\Projects\Orientation Experiment\Orientation Experiment\Debug\Orientation Experiment.pch
C:\Users\CNS Lab\Documents\Visual Studio 2010\Projects\Orientation Experiment\Orientation Experiment\Debug\Orientation Experiment.res
C:\Users\CNS Lab\Documents\Visual Studio 2010\Projects\Orientation Experiment\Orientation Experiment\Debug\Orientation Experiment.vcxprojResolveAssemblyReference.cache
C:\Users\CNS Lab\Documents\Visual Studio 2010\Projects\Orientation Experiment\Orientation Experiment\Debug\Orientation Experiment.write.1.tlog
C:\Users\CNS Lab\Documents\Visual Studio 2010\Projects\Orientation Experiment\Orientation Experiment\Debug\Orientation Experiment_manifest.rc
C:\Users\CNS Lab\Documents\Visual Studio 2010\Projects\Orientation Experiment\Orientation Experiment\Debug\Orientation ExperimentDlg.obj
C:\Users\CNS Lab\Documents\Visual Studio 2010\Projects\Orientation Experiment\Orientation Experiment\Debug\rc.command.1.tlog
C:\Users\CNS Lab\Documents\Visual Studio 2010\Projects\Orientation Experiment\Orientation Experiment\Debug\rc.read.1.tlog
C:\Users\CNS Lab\Documents\Visual Studio 2010\Projects\Orientation Experiment\Orientation Experiment\Debug\rc.write.1.tlog
C:\Users\CNS Lab\Documents\Visual Studio 2010\Projects\Orientation Experiment\Orientation Experiment\Debug\stdafx.obj
C:\Users\CNS Lab\Documents\Visual Studio 2010\Projects\Orientation Experiment\Orientation Experiment\Debug\vc100.idb
C:\Users\CNS Lab\Documents\Visual Studio 2010\Projects\Orientation Experiment\Orientation Experiment\Debug\vc100.pdb
