Build started 12/1/2014 6:45:01 PM.
     1>Project "C:\Users\CNS Lab\Documents\Visual Studio 2010\Projects\Orientation Experiment\Orientation Experiment\Orientation Experiment.vcxproj" on node 2 (build target(s)).
     1>InitializeBuildStatus:
         Creating "Debug\Orientation Experiment.unsuccessfulbuild" because "AlwaysCreate" was specified.
       ClCompile:
         C:\Program Files\Microsoft Visual Studio 10.0\VC\bin\CL.exe /c /ZI /nologo /W3 /WX- /Od /Oy- /D WIN32 /D _WINDOWS /D _DEBUG /D _UNICODE /D UNICODE /D _AFXDLL /Gm /EHsc /RTC1 /MD /Zp1 /GS /fp:precise /Zc:wchar_t /Zc:forScope /Yc"StdAfx.h" /Fp"Debug\Orientation Experiment.pch" /Fo"Debug\\" /Fd"Debug\vc100.pdb" /Gd /TP /analyze- /errorReport:prompt isense.c
         isense.c
         C:\Program Files\Microsoft Visual Studio 10.0\VC\bin\CL.exe /c /ZI /nologo /W3 /WX- /Od /Oy- /D WIN32 /D _WINDOWS /D _DEBUG /D _UNICODE /D UNICODE /D _AFXDLL /Gm /EHsc /RTC1 /MDd /GS /fp:precise /Zc:wchar_t /Zc:forScope /Yc"StdAfx.h" /Fp"Debug\Orientation Experiment.pch" /Fo"Debug\\" /Fd"Debug\vc100.pdb" /Gd /TP /analyze- /errorReport:prompt stdafx.cpp
         stdafx.cpp
         C:\Program Files\Microsoft Visual Studio 10.0\VC\bin\CL.exe /c /ZI /nologo /W3 /WX- /Od /Oy- /D WIN32 /D _WINDOWS /D _DEBUG /D _UNICODE /D UNICODE /D _AFXDLL /Gm /EHsc /RTC1 /MDd /GS /fp:precise /Zc:wchar_t /Zc:forScope /Yu"StdAfx.h" /Fp"Debug\Orientation Experiment.pch" /Fo"Debug\\" /Fd"Debug\vc100.pdb" /Gd /TP /analyze- /errorReport:prompt cdf.cpp icube.cpp "Orientation Experiment.cpp" "Orientation ExperimentDlg.cpp" udpServer.cpp
         udpServer.cpp
         Orientation ExperimentDlg.cpp
         Orientation Experiment.cpp
         cdf.cpp
     1>c:\users\cns lab\documents\visual studio 2010\projects\orientation experiment\orientation experiment\cdf.cpp(221): warning C4018: '<' : signed/unsigned mismatch
     1>c:\users\cns lab\documents\visual studio 2010\projects\orientation experiment\orientation experiment\cdf.cpp(256): warning C4244: '=' : conversion from 'WORD' to 'unsigned char', possible loss of data
     1>c:\users\cns lab\documents\visual studio 2010\projects\orientation experiment\orientation experiment\cdf.cpp(257): warning C4244: '=' : conversion from 'WORD' to 'unsigned char', possible loss of data
     1>c:\users\cns lab\documents\visual studio 2010\projects\orientation experiment\orientation experiment\cdf.cpp(258): warning C4244: '=' : conversion from 'WORD' to 'unsigned char', possible loss of data
     1>c:\users\cns lab\documents\visual studio 2010\projects\orientation experiment\orientation experiment\cdf.cpp(259): warning C4244: '=' : conversion from 'WORD' to 'unsigned char', possible loss of data
     1>c:\users\cns lab\documents\visual studio 2010\projects\orientation experiment\orientation experiment\cdf.cpp(312): warning C4101: 'f' : unreferenced local variable
         Generating Code...
     1>c:\users\cns lab\documents\visual studio 2010\projects\orientation experiment\orientation experiment\cdf.cpp(250): warning C4700: uninitialized local variable 'f' used
         Skipping... (no relevant changes detected)
         icube.cpp
       ResourceCompile:
         C:\Program Files\Microsoft SDKs\Windows\v7.0A\bin\rc.exe /D _DEBUG /D _UNICODE /D UNICODE /D _AFXDLL /l"0x0409" /IDebug\ /nologo /fo"Debug\Orientation Experiment.res" "Orientation Experiment.rc" 
       ManifestResourceCompile:
         All outputs are up-to-date.
       Link:
         C:\Program Files\Microsoft Visual Studio 10.0\VC\bin\link.exe /ERRORREPORT:PROMPT /OUT:"C:\Users\CNS Lab\Documents\Visual Studio 2010\Projects\Orientation Experiment\Debug\Orientation Experiment.exe" /INCREMENTAL /NOLOGO /MANIFEST /ManifestFile:"Debug\Orientation Experiment.exe.intermediate.manifest" /MANIFESTUAC:"level='asInvoker' uiAccess='false'" /DEBUG /PDB:"C:\Users\CNS Lab\Documents\Visual Studio 2010\Projects\Orientation Experiment\Debug\Orientation Experiment.pdb" /SUBSYSTEM:WINDOWS /TLBID:1 /ENTRY:"wWinMainCRTStartup" /DYNAMICBASE /NXCOMPAT /IMPLIB:"C:\Users\CNS Lab\Documents\Visual Studio 2010\Projects\Orientation Experiment\Debug\Orientation Experiment.lib" /MACHINE:X86 "Debug\Orientation Experiment.res"
         "Debug\Orientation Experiment.exe.embed.manifest.res"
         Debug\cdf.obj
         Debug\icube.obj
         Debug\isense.obj
         "Debug\Orientation Experiment.obj"
         "Debug\Orientation ExperimentDlg.obj"
         Debug\stdafx.obj
         Debug\udpServer.obj
            Creating library C:\Users\CNS Lab\Documents\Visual Studio 2010\Projects\Orientation Experiment\Debug\Orientation Experiment.lib and object C:\Users\CNS Lab\Documents\Visual Studio 2010\Projects\Orientation Experiment\Debug\Orientation Experiment.exp
     1>LINK : warning LNK4098: defaultlib 'MSVCRT' conflicts with use of other libs; use /NODEFAULTLIB:library
       Manifest:
         C:\Program Files\Microsoft SDKs\Windows\v7.0A\bin\mt.exe /nologo /verbose /out:"Debug\Orientation Experiment.exe.embed.manifest" /manifest "Debug\Orientation Experiment.exe.intermediate.manifest" "C:\Program Files\Microsoft Visual Studio 10.0\VC\Include\Manifest\dpiaware.manifest"
         All outputs are up-to-date.
       LinkEmbedManifest:
         All outputs are up-to-date.
         Orientation Experiment.vcxproj -> C:\Users\CNS Lab\Documents\Visual Studio 2010\Projects\Orientation Experiment\Debug\Orientation Experiment.exe
       FinalizeBuildStatus:
         Deleting file "Debug\Orientation Experiment.unsuccessfulbuild".
         Touching "Debug\Orientation Experiment.lastbuildstate".
     1>Done Building Project "C:\Users\CNS Lab\Documents\Visual Studio 2010\Projects\Orientation Experiment\Orientation Experiment\Orientation Experiment.vcxproj" (build target(s)).

Build succeeded.

Time Elapsed 00:00:10.34
