C:\USERS\CNS LAB\DOCUMENTS\VISUAL STUDIO 2010\PROJECTS\UNITYANT\RELEASE\UNITYANT.EXE
C:\Users\CNS Lab\Documents\Visual Studio 2010\Projects\UnityAnt\Release\UnityAnt.pdb
C:\USERS\CNS LAB\DOCUMENTS\VISUAL STUDIO 2010\PROJECTS\UNITYANT\UNITYANT\RELEASE\CACQUISITION.OBJ
C:\USERS\CNS LAB\DOCUMENTS\VISUAL STUDIO 2010\PROJECTS\UNITYANT\UNITYANT\RELEASE\CDF.OBJ
C:\Users\CNS Lab\Documents\Visual Studio 2010\Projects\UnityAnt\UnityAnt\Release\cl.command.1.tlog
C:\Users\CNS Lab\Documents\Visual Studio 2010\Projects\UnityAnt\UnityAnt\Release\CL.read.1.tlog
C:\Users\CNS Lab\Documents\Visual Studio 2010\Projects\UnityAnt\UnityAnt\Release\CL.write.1.tlog
C:\Users\CNS Lab\Documents\Visual Studio 2010\Projects\UnityAnt\UnityAnt\Release\link.command.1.tlog
C:\Users\CNS Lab\Documents\Visual Studio 2010\Projects\UnityAnt\UnityAnt\Release\link.read.1.tlog
C:\Users\CNS Lab\Documents\Visual Studio 2010\Projects\UnityAnt\UnityAnt\Release\link.write.1.tlog
C:\Users\CNS Lab\Documents\Visual Studio 2010\Projects\UnityAnt\UnityAnt\Release\mt.command.1.tlog
C:\Users\CNS Lab\Documents\Visual Studio 2010\Projects\UnityAnt\UnityAnt\Release\mt.read.1.tlog
C:\Users\CNS Lab\Documents\Visual Studio 2010\Projects\UnityAnt\UnityAnt\Release\mt.write.1.tlog
C:\Users\CNS Lab\Documents\Visual Studio 2010\Projects\UnityAnt\UnityAnt\Release\peripheralslib.tlh
C:\Users\CNS Lab\Documents\Visual Studio 2010\Projects\UnityAnt\UnityAnt\Release\peripheralslib.tli
C:\USERS\CNS LAB\DOCUMENTS\VISUAL STUDIO 2010\PROJECTS\UNITYANT\UNITYANT\RELEASE\STDAFX.OBJ
C:\USERS\CNS LAB\DOCUMENTS\VISUAL STUDIO 2010\PROJECTS\UNITYANT\UNITYANT\RELEASE\UANT.OBJ
C:\Users\CNS Lab\Documents\Visual Studio 2010\Projects\UnityAnt\UnityAnt\Release\UnityAnt.exe.intermediate.manifest
C:\USERS\CNS LAB\DOCUMENTS\VISUAL STUDIO 2010\PROJECTS\UNITYANT\UNITYANT\RELEASE\UNITYANT.OBJ
C:\USERS\CNS LAB\DOCUMENTS\VISUAL STUDIO 2010\PROJECTS\UNITYANT\UNITYANT\RELEASE\UNITYANT.PCH
C:\Users\CNS Lab\Documents\Visual Studio 2010\Projects\UnityAnt\UnityAnt\Release\UnityAnt.vcxprojResolveAssemblyReference.cache
C:\Users\CNS Lab\Documents\Visual Studio 2010\Projects\UnityAnt\UnityAnt\Release\UnityAnt.write.1.tlog
C:\USERS\CNS LAB\DOCUMENTS\VISUAL STUDIO 2010\PROJECTS\UNITYANT\UNITYANT\RELEASE\VC100.PDB
C:\USERS\CNS LAB\DOCUMENTS\VISUAL STUDIO 2010\PROJECTS\UNITYANT\UNITYANT\RELEASE\ZANT.OBJ
