Build started 2/2/2015 8:48:09 PM.
     1>Project "C:\Users\awisti\Documents\Visual Studio 2010\Projects\HMDBeamer\HMDBeamer\HMDBeamer.vcxproj" on node 2 (build target(s)).
     1>InitializeBuildStatus:
         Creating "x64\Release\HMDBeamer.unsuccessfulbuild" because "AlwaysCreate" was specified.
       ClCompile:
         All outputs are up-to-date.
         C:\Program Files (x86)\Microsoft Visual Studio 10.0\VC\bin\x86_amd64\CL.exe /c /Zi /nologo /W3 /WX- /O2 /Oi /GL /D WIN32 /D NDEBUG /D _CONSOLE /D _UNICODE /D UNICODE /Gm- /EHsc /MD /GS /Gy /fp:precise /Zc:wchar_t /Zc:forScope /Yu"StdAfx.h" /Fp"x64\Release\HMDBeamer.pch" /Fo"x64\Release\\" /Fd"x64\Release\vc100.pdb" /Gd /TP /errorReport:prompt HMDBeamer.cpp
         HMDBeamer.cpp
     1>HMDBeamer.cpp(65): warning C4267: 'argument' : conversion from 'size_t' to 'int', possible loss of data
       Link:
         C:\Program Files (x86)\Microsoft Visual Studio 10.0\VC\bin\x86_amd64\link.exe /ERRORREPORT:PROMPT /OUT:"C:\Users\awisti\Documents\Visual Studio 2010\Projects\HMDBeamer\x64\Release\HMDBeamer.exe" /INCREMENTAL:NO /NOLOGO /LIBPATH:C:\OculusSDK\LibOVR\Lib\x64\VS2010 libovr64.lib kernel32.lib user32.lib gdi32.lib winspool.lib comdlg32.lib advapi32.lib shell32.lib ole32.lib oleaut32.lib uuid.lib odbc32.lib odbccp32.lib /MANIFEST /ManifestFile:"x64\Release\HMDBeamer.exe.intermediate.manifest" /MANIFESTUAC:"level='asInvoker' uiAccess='false'" /DEBUG /PDB:"C:\Users\awisti\Documents\Visual Studio 2010\Projects\HMDBeamer\x64\Release\HMDBeamer.pdb" /SUBSYSTEM:CONSOLE /OPT:REF /OPT:ICF /LTCG /TLBID:1 /DYNAMICBASE /NXCOMPAT /IMPLIB:"C:\Users\awisti\Documents\Visual Studio 2010\Projects\HMDBeamer\x64\Release\HMDBeamer.lib" /MACHINE:X64 x64\Release\HMDBeamer.obj
         x64\Release\stdafx.obj
         Generating code
         Finished generating code
         HMDBeamer.vcxproj -> C:\Users\awisti\Documents\Visual Studio 2010\Projects\HMDBeamer\x64\Release\HMDBeamer.exe
       Manifest:
         C:\Program Files (x86)\Microsoft SDKs\Windows\v7.0A\bin\mt.exe /nologo /verbose /outputresource:"C:\Users\awisti\Documents\Visual Studio 2010\Projects\HMDBeamer\x64\Release\HMDBeamer.exe;#1" /manifest x64\Release\HMDBeamer.exe.intermediate.manifest
       FinalizeBuildStatus:
         Deleting file "x64\Release\HMDBeamer.unsuccessfulbuild".
         Touching "x64\Release\HMDBeamer.lastbuildstate".
     1>Done Building Project "C:\Users\awisti\Documents\Visual Studio 2010\Projects\HMDBeamer\HMDBeamer\HMDBeamer.vcxproj" (build target(s)).

Build succeeded.

Time Elapsed 00:00:00.99
