C:\Users\awisti\Documents\Visual Studio 2010\Projects\OculusPassthrough\OculusPassthrough\x64\Debug\cl.command.1.tlog
C:\Users\awisti\Documents\Visual Studio 2010\Projects\OculusPassthrough\OculusPassthrough\x64\Debug\CL.read.1.tlog
C:\Users\awisti\Documents\Visual Studio 2010\Projects\OculusPassthrough\OculusPassthrough\x64\Debug\CL.write.1.tlog
C:\Users\awisti\Documents\Visual Studio 2010\Projects\OculusPassthrough\OculusPassthrough\x64\Debug\link.10452.read.1.tlog
C:\Users\awisti\Documents\Visual Studio 2010\Projects\OculusPassthrough\OculusPassthrough\x64\Debug\link.10452.write.1.tlog
C:\Users\awisti\Documents\Visual Studio 2010\Projects\OculusPassthrough\OculusPassthrough\x64\Debug\link.10452-cvtres.read.1.tlog
C:\Users\awisti\Documents\Visual Studio 2010\Projects\OculusPassthrough\OculusPassthrough\x64\Debug\link.10452-cvtres.write.1.tlog
C:\Users\awisti\Documents\Visual Studio 2010\Projects\OculusPassthrough\OculusPassthrough\x64\Debug\link.13496.read.1.tlog
C:\Users\awisti\Documents\Visual Studio 2010\Projects\OculusPassthrough\OculusPassthrough\x64\Debug\link.13496.write.1.tlog
C:\Users\awisti\Documents\Visual Studio 2010\Projects\OculusPassthrough\OculusPassthrough\x64\Debug\link.13496-cvtres.read.1.tlog
C:\Users\awisti\Documents\Visual Studio 2010\Projects\OculusPassthrough\OculusPassthrough\x64\Debug\link.13496-cvtres.write.1.tlog
C:\Users\awisti\Documents\Visual Studio 2010\Projects\OculusPassthrough\OculusPassthrough\x64\Debug\link.command.1.tlog
C:\Users\awisti\Documents\Visual Studio 2010\Projects\OculusPassthrough\OculusPassthrough\x64\Debug\link.read.1.tlog
C:\Users\awisti\Documents\Visual Studio 2010\Projects\OculusPassthrough\OculusPassthrough\x64\Debug\link.write.1.tlog
C:\Users\awisti\Documents\Visual Studio 2010\Projects\OculusPassthrough\OculusPassthrough\x64\Debug\link-cvtres.read.1.tlog
C:\Users\awisti\Documents\Visual Studio 2010\Projects\OculusPassthrough\OculusPassthrough\x64\Debug\link-cvtres.write.1.tlog
C:\Users\awisti\Documents\Visual Studio 2010\Projects\OculusPassthrough\OculusPassthrough\x64\Debug\mt.command.1.tlog
C:\Users\awisti\Documents\Visual Studio 2010\Projects\OculusPassthrough\OculusPassthrough\x64\Debug\mt.read.1.tlog
C:\Users\awisti\Documents\Visual Studio 2010\Projects\OculusPassthrough\OculusPassthrough\x64\Debug\mt.write.1.tlog
C:\USERS\AWISTI\DOCUMENTS\VISUAL STUDIO 2010\PROJECTS\OCULUSPASSTHROUGH\OCULUSPASSTHROUGH\X64\DEBUG\OCULUSPASSTHROUGH.EXE.EMBED.MANIFEST
C:\USERS\AWISTI\DOCUMENTS\VISUAL STUDIO 2010\PROJECTS\OCULUSPASSTHROUGH\OCULUSPASSTHROUGH\X64\DEBUG\OCULUSPASSTHROUGH.EXE.EMBED.MANIFEST.RES
C:\USERS\AWISTI\DOCUMENTS\VISUAL STUDIO 2010\PROJECTS\OCULUSPASSTHROUGH\OCULUSPASSTHROUGH\X64\DEBUG\OCULUSPASSTHROUGH.EXE.INTERMEDIATE.MANIFEST
C:\USERS\AWISTI\DOCUMENTS\VISUAL STUDIO 2010\PROJECTS\OCULUSPASSTHROUGH\OCULUSPASSTHROUGH\X64\DEBUG\OCULUSPASSTHROUGH.OBJ
C:\Users\awisti\Documents\Visual Studio 2010\Projects\OculusPassthrough\OculusPassthrough\x64\Debug\OculusPassthrough.write.1.tlog
C:\Users\awisti\Documents\Visual Studio 2010\Projects\OculusPassthrough\OculusPassthrough\x64\Debug\OculusPassthrough_manifest.rc
C:\Users\awisti\Documents\Visual Studio 2010\Projects\OculusPassthrough\OculusPassthrough\x64\Debug\rc.command.1.tlog
C:\Users\awisti\Documents\Visual Studio 2010\Projects\OculusPassthrough\OculusPassthrough\x64\Debug\rc.read.1.tlog
C:\Users\awisti\Documents\Visual Studio 2010\Projects\OculusPassthrough\OculusPassthrough\x64\Debug\rc.write.1.tlog
C:\Users\awisti\Documents\Visual Studio 2010\Projects\OculusPassthrough\OculusPassthrough\x64\Debug\vc100.idb
C:\USERS\AWISTI\DOCUMENTS\VISUAL STUDIO 2010\PROJECTS\OCULUSPASSTHROUGH\OCULUSPASSTHROUGH\X64\DEBUG\VC100.PDB
C:\USERS\AWISTI\DOCUMENTS\VISUAL STUDIO 2010\PROJECTS\OCULUSPASSTHROUGH\X64\DEBUG\OCULUSPASSTHROUGH.EXE
C:\USERS\AWISTI\DOCUMENTS\VISUAL STUDIO 2010\PROJECTS\OCULUSPASSTHROUGH\X64\DEBUG\OCULUSPASSTHROUGH.ILK
C:\USERS\AWISTI\DOCUMENTS\VISUAL STUDIO 2010\PROJECTS\OCULUSPASSTHROUGH\X64\DEBUG\OCULUSPASSTHROUGH.PDB
