C:\USERS\AWISTI\DOCUMENTS\VISUAL STUDIO 2010\PROJECTS\ORIENTATION EXPERIMENT\ORIENTATION EXPERIMENT\RELEASE\CDF.OBJ
C:\Users\awisti\Documents\Visual Studio 2010\Projects\Orientation Experiment\Orientation Experiment\Release\cl.command.1.tlog
C:\Users\awisti\Documents\Visual Studio 2010\Projects\Orientation Experiment\Orientation Experiment\Release\CL.read.1.tlog
C:\Users\awisti\Documents\Visual Studio 2010\Projects\Orientation Experiment\Orientation Experiment\Release\CL.write.1.tlog
C:\USERS\AWISTI\DOCUMENTS\VISUAL STUDIO 2010\PROJECTS\ORIENTATION EXPERIMENT\ORIENTATION EXPERIMENT\RELEASE\ICUBE.OBJ
C:\USERS\AWISTI\DOCUMENTS\VISUAL STUDIO 2010\PROJECTS\ORIENTATION EXPERIMENT\ORIENTATION EXPERIMENT\RELEASE\ISENSE.OBJ
C:\Users\awisti\Documents\Visual Studio 2010\Projects\Orientation Experiment\Orientation Experiment\Release\link.command.1.tlog
C:\Users\awisti\Documents\Visual Studio 2010\Projects\Orientation Experiment\Orientation Experiment\Release\link.read.1.tlog
C:\Users\awisti\Documents\Visual Studio 2010\Projects\Orientation Experiment\Orientation Experiment\Release\link.write.1.tlog
C:\Users\awisti\Documents\Visual Studio 2010\Projects\Orientation Experiment\Orientation Experiment\Release\link-cvtres.read.1.tlog
C:\Users\awisti\Documents\Visual Studio 2010\Projects\Orientation Experiment\Orientation Experiment\Release\link-cvtres.write.1.tlog
C:\Users\awisti\Documents\Visual Studio 2010\Projects\Orientation Experiment\Orientation Experiment\Release\mt.command.1.tlog
C:\Users\awisti\Documents\Visual Studio 2010\Projects\Orientation Experiment\Orientation Experiment\Release\mt.read.1.tlog
C:\Users\awisti\Documents\Visual Studio 2010\Projects\Orientation Experiment\Orientation Experiment\Release\mt.write.1.tlog
C:\USERS\AWISTI\DOCUMENTS\VISUAL STUDIO 2010\PROJECTS\ORIENTATION EXPERIMENT\ORIENTATION EXPERIMENT\RELEASE\ORIENTATION EXPERIMENT.EXE.INTERMEDIATE.MANIFEST
C:\USERS\AWISTI\DOCUMENTS\VISUAL STUDIO 2010\PROJECTS\ORIENTATION EXPERIMENT\ORIENTATION EXPERIMENT\RELEASE\ORIENTATION EXPERIMENT.OBJ
C:\USERS\AWISTI\DOCUMENTS\VISUAL STUDIO 2010\PROJECTS\ORIENTATION EXPERIMENT\ORIENTATION EXPERIMENT\RELEASE\ORIENTATION EXPERIMENT.PCH
C:\USERS\AWISTI\DOCUMENTS\VISUAL STUDIO 2010\PROJECTS\ORIENTATION EXPERIMENT\ORIENTATION EXPERIMENT\RELEASE\ORIENTATION EXPERIMENT.RES
C:\Users\awisti\Documents\Visual Studio 2010\Projects\Orientation Experiment\Orientation Experiment\Release\Orientation Experiment.vcxprojResolveAssemblyReference.cache
C:\Users\awisti\Documents\Visual Studio 2010\Projects\Orientation Experiment\Orientation Experiment\Release\Orientation Experiment.write.1.tlog
C:\USERS\AWISTI\DOCUMENTS\VISUAL STUDIO 2010\PROJECTS\ORIENTATION EXPERIMENT\ORIENTATION EXPERIMENT\RELEASE\ORIENTATION EXPERIMENTDLG.OBJ
C:\Users\awisti\Documents\Visual Studio 2010\Projects\Orientation Experiment\Orientation Experiment\Release\rc.command.1.tlog
C:\Users\awisti\Documents\Visual Studio 2010\Projects\Orientation Experiment\Orientation Experiment\Release\rc.read.1.tlog
C:\Users\awisti\Documents\Visual Studio 2010\Projects\Orientation Experiment\Orientation Experiment\Release\rc.write.1.tlog
C:\USERS\AWISTI\DOCUMENTS\VISUAL STUDIO 2010\PROJECTS\ORIENTATION EXPERIMENT\ORIENTATION EXPERIMENT\RELEASE\STDAFX.OBJ
C:\Users\awisti\Documents\Visual Studio 2010\Projects\Orientation Experiment\Orientation Experiment\Release\udpServer.obj
C:\USERS\AWISTI\DOCUMENTS\VISUAL STUDIO 2010\PROJECTS\ORIENTATION EXPERIMENT\ORIENTATION EXPERIMENT\RELEASE\VC100.PDB
C:\USERS\AWISTI\DOCUMENTS\VISUAL STUDIO 2010\PROJECTS\ORIENTATION EXPERIMENT\RELEASE\ORIENTATION EXPERIMENT.EXE
C:\Users\awisti\Documents\Visual Studio 2010\Projects\Orientation Experiment\Release\Orientation Experiment.exp
C:\Users\awisti\Documents\Visual Studio 2010\Projects\Orientation Experiment\Release\Orientation Experiment.lib
C:\USERS\AWISTI\DOCUMENTS\VISUAL STUDIO 2010\PROJECTS\ORIENTATION EXPERIMENT\RELEASE\ORIENTATION EXPERIMENT.PDB
C:\USERS\CNS LAB\DOCUMENTS\VISUAL STUDIO 2010\PROJECTS\ORIENTATION EXPERIMENT\ORIENTATION EXPERIMENT\RELEASE\CDF.OBJ
C:\USERS\CNS LAB\DOCUMENTS\VISUAL STUDIO 2010\PROJECTS\ORIENTATION EXPERIMENT\ORIENTATION EXPERIMENT\RELEASE\ICUBE.OBJ
C:\USERS\CNS LAB\DOCUMENTS\VISUAL STUDIO 2010\PROJECTS\ORIENTATION EXPERIMENT\ORIENTATION EXPERIMENT\RELEASE\ISENSE.OBJ
C:\USERS\CNS LAB\DOCUMENTS\VISUAL STUDIO 2010\PROJECTS\ORIENTATION EXPERIMENT\ORIENTATION EXPERIMENT\RELEASE\ORIENTATION EXPERIMENT.EXE.INTERMEDIATE.MANIFEST
C:\USERS\CNS LAB\DOCUMENTS\VISUAL STUDIO 2010\PROJECTS\ORIENTATION EXPERIMENT\ORIENTATION EXPERIMENT\RELEASE\ORIENTATION EXPERIMENT.OBJ
C:\USERS\CNS LAB\DOCUMENTS\VISUAL STUDIO 2010\PROJECTS\ORIENTATION EXPERIMENT\ORIENTATION EXPERIMENT\RELEASE\ORIENTATION EXPERIMENT.PCH
C:\USERS\CNS LAB\DOCUMENTS\VISUAL STUDIO 2010\PROJECTS\ORIENTATION EXPERIMENT\ORIENTATION EXPERIMENT\RELEASE\ORIENTATION EXPERIMENT.RES
C:\USERS\CNS LAB\DOCUMENTS\VISUAL STUDIO 2010\PROJECTS\ORIENTATION EXPERIMENT\ORIENTATION EXPERIMENT\RELEASE\ORIENTATION EXPERIMENTDLG.OBJ
C:\USERS\CNS LAB\DOCUMENTS\VISUAL STUDIO 2010\PROJECTS\ORIENTATION EXPERIMENT\ORIENTATION EXPERIMENT\RELEASE\STDAFX.OBJ
C:\USERS\CNS LAB\DOCUMENTS\VISUAL STUDIO 2010\PROJECTS\ORIENTATION EXPERIMENT\ORIENTATION EXPERIMENT\RELEASE\UDPSERVER.OBJ
C:\USERS\CNS LAB\DOCUMENTS\VISUAL STUDIO 2010\PROJECTS\ORIENTATION EXPERIMENT\ORIENTATION EXPERIMENT\RELEASE\VC100.PDB
C:\USERS\CNS LAB\DOCUMENTS\VISUAL STUDIO 2010\PROJECTS\ORIENTATION EXPERIMENT\RELEASE\ORIENTATION EXPERIMENT.EXE
C:\Users\CNS Lab\Documents\Visual Studio 2010\Projects\Orientation Experiment\Release\Orientation Experiment.exp
C:\Users\CNS Lab\Documents\Visual Studio 2010\Projects\Orientation Experiment\Release\Orientation Experiment.lib
C:\USERS\CNS LAB\DOCUMENTS\VISUAL STUDIO 2010\PROJECTS\ORIENTATION EXPERIMENT\RELEASE\ORIENTATION EXPERIMENT.PDB
