C:\Users\CNS Lab\Documents\Visual Studio 2010\Projects\UnityAnt\Debug\UnityAnt.pdb
C:\USERS\CNS LAB\DOCUMENTS\VISUAL STUDIO 2010\PROJECTS\UNITYANT\UNITYANT\DEBUG\CACQUISITION.OBJ
C:\USERS\CNS LAB\DOCUMENTS\VISUAL STUDIO 2010\PROJECTS\UNITYANT\UNITYANT\DEBUG\CDF.OBJ
C:\Users\CNS Lab\Documents\Visual Studio 2010\Projects\UnityAnt\UnityAnt\Debug\cl.command.1.tlog
C:\Users\CNS Lab\Documents\Visual Studio 2010\Projects\UnityAnt\UnityAnt\Debug\CL.read.1.tlog
C:\Users\CNS Lab\Documents\Visual Studio 2010\Projects\UnityAnt\UnityAnt\Debug\CL.write.1.tlog
C:\USERS\CNS LAB\DOCUMENTS\VISUAL STUDIO 2010\PROJECTS\UNITYANT\UNITYANT\DEBUG\ICUBE.OBJ
C:\Users\CNS Lab\Documents\Visual Studio 2010\Projects\UnityAnt\UnityAnt\Debug\link.4924.read.1.tlog
C:\Users\CNS Lab\Documents\Visual Studio 2010\Projects\UnityAnt\UnityAnt\Debug\link.4924.write.1.tlog
C:\Users\CNS Lab\Documents\Visual Studio 2010\Projects\UnityAnt\UnityAnt\Debug\link.4924-cvtres.read.1.tlog
C:\Users\CNS Lab\Documents\Visual Studio 2010\Projects\UnityAnt\UnityAnt\Debug\link.4924-cvtres.write.1.tlog
C:\Users\CNS Lab\Documents\Visual Studio 2010\Projects\UnityAnt\UnityAnt\Debug\link.5308.read.1.tlog
C:\Users\CNS Lab\Documents\Visual Studio 2010\Projects\UnityAnt\UnityAnt\Debug\link.5308.write.1.tlog
C:\Users\CNS Lab\Documents\Visual Studio 2010\Projects\UnityAnt\UnityAnt\Debug\link.5308-cvtres.read.1.tlog
C:\Users\CNS Lab\Documents\Visual Studio 2010\Projects\UnityAnt\UnityAnt\Debug\link.5308-cvtres.write.1.tlog
C:\Users\CNS Lab\Documents\Visual Studio 2010\Projects\UnityAnt\UnityAnt\Debug\link.command.1.tlog
C:\Users\CNS Lab\Documents\Visual Studio 2010\Projects\UnityAnt\UnityAnt\Debug\link.read.1.tlog
C:\Users\CNS Lab\Documents\Visual Studio 2010\Projects\UnityAnt\UnityAnt\Debug\link.write.1.tlog
C:\Users\CNS Lab\Documents\Visual Studio 2010\Projects\UnityAnt\UnityAnt\Debug\link-cvtres.read.1.tlog
C:\Users\CNS Lab\Documents\Visual Studio 2010\Projects\UnityAnt\UnityAnt\Debug\link-cvtres.write.1.tlog
C:\USERS\CNS LAB\DOCUMENTS\VISUAL STUDIO 2010\PROJECTS\UNITYANT\UNITYANT\DEBUG\METRONOME.OBJ
C:\Users\CNS Lab\Documents\Visual Studio 2010\Projects\UnityAnt\UnityAnt\Debug\mt.command.1.tlog
C:\Users\CNS Lab\Documents\Visual Studio 2010\Projects\UnityAnt\UnityAnt\Debug\mt.read.1.tlog
C:\Users\CNS Lab\Documents\Visual Studio 2010\Projects\UnityAnt\UnityAnt\Debug\mt.write.1.tlog
C:\Users\CNS Lab\Documents\Visual Studio 2010\Projects\UnityAnt\UnityAnt\Debug\peripheralslib.tlh
C:\Users\CNS Lab\Documents\Visual Studio 2010\Projects\UnityAnt\UnityAnt\Debug\peripheralslib.tli
C:\Users\CNS Lab\Documents\Visual Studio 2010\Projects\UnityAnt\UnityAnt\Debug\rc.command.1.tlog
C:\Users\CNS Lab\Documents\Visual Studio 2010\Projects\UnityAnt\UnityAnt\Debug\rc.read.1.tlog
C:\Users\CNS Lab\Documents\Visual Studio 2010\Projects\UnityAnt\UnityAnt\Debug\rc.write.1.tlog
C:\USERS\CNS LAB\DOCUMENTS\VISUAL STUDIO 2010\PROJECTS\UNITYANT\UNITYANT\DEBUG\STDAFX.OBJ
C:\USERS\CNS LAB\DOCUMENTS\VISUAL STUDIO 2010\PROJECTS\UNITYANT\UNITYANT\DEBUG\UANT.OBJ
C:\USERS\CNS LAB\DOCUMENTS\VISUAL STUDIO 2010\PROJECTS\UNITYANT\UNITYANT\DEBUG\UNITYANT.EXE.EMBED.MANIFEST
C:\USERS\CNS LAB\DOCUMENTS\VISUAL STUDIO 2010\PROJECTS\UNITYANT\UNITYANT\DEBUG\UNITYANT.EXE.EMBED.MANIFEST.RES
C:\Users\CNS Lab\Documents\Visual Studio 2010\Projects\UnityAnt\UnityAnt\Debug\UnityAnt.exe.intermediate.manifest
C:\USERS\CNS LAB\DOCUMENTS\VISUAL STUDIO 2010\PROJECTS\UNITYANT\UNITYANT\DEBUG\UNITYANT.OBJ
C:\USERS\CNS LAB\DOCUMENTS\VISUAL STUDIO 2010\PROJECTS\UNITYANT\UNITYANT\DEBUG\UNITYANT.PCH
C:\Users\CNS Lab\Documents\Visual Studio 2010\Projects\UnityAnt\UnityAnt\Debug\UnityAnt.vcxprojResolveAssemblyReference.cache
C:\Users\CNS Lab\Documents\Visual Studio 2010\Projects\UnityAnt\UnityAnt\Debug\UnityAnt.write.1.tlog
C:\Users\CNS Lab\Documents\Visual Studio 2010\Projects\UnityAnt\UnityAnt\Debug\UnityAnt_manifest.rc
C:\Users\CNS Lab\Documents\Visual Studio 2010\Projects\UnityAnt\UnityAnt\Debug\vc100.idb
C:\USERS\CNS LAB\DOCUMENTS\VISUAL STUDIO 2010\PROJECTS\UNITYANT\UNITYANT\DEBUG\VC100.PDB
C:\USERS\CNS LAB\DOCUMENTS\VISUAL STUDIO 2010\PROJECTS\UNITYANT\UNITYANT\DEBUG\ZANT.OBJ
