Build started 4/1/2014 6:27:54 PM.
     1>Project "C:\Users\awisti\Documents\Visual Studio 2010\Projects\ExperimentControl\ExperimentControl\ExperimentControl.vcxproj" on node 2 (build target(s)).
     1>InitializeBuildStatus:
         Creating "Debug\ExperimentControl.unsuccessfulbuild" because "AlwaysCreate" was specified.
       ClCompile:
         C:\Program Files (x86)\Microsoft Visual Studio 10.0\VC\bin\CL.exe /c /ZI /nologo /W3 /WX- /Od /Oy- /D WIN32 /D _WINDOWS /D _DEBUG /D _UNICODE /D UNICODE /D _AFXDLL /Gm /EHsc /RTC1 /MDd /GS /fp:precise /Zc:wchar_t /Zc:forScope /Yc"StdAfx.h" /Fp"Debug\ExperimentControl.pch" /Fo"Debug\\" /Fd"Debug\vc100.pdb" /Gd /TP /analyze- /errorReport:prompt stdafx.cpp
         stdafx.cpp
         C:\Program Files (x86)\Microsoft Visual Studio 10.0\VC\bin\CL.exe /c /ZI /nologo /W3 /WX- /Od /Oy- /D WIN32 /D _WINDOWS /D _DEBUG /D _UNICODE /D UNICODE /D _AFXDLL /Gm /EHsc /RTC1 /MDd /GS /fp:precise /Zc:wchar_t /Zc:forScope /Yu"StdAfx.h" /Fp"Debug\ExperimentControl.pch" /Fo"Debug\\" /Fd"Debug\vc100.pdb" /Gd /TP /analyze- /errorReport:prompt ExperimentControl.cpp ExperimentControlDlg.cpp MyCAsyncSocket.cpp
         MyCAsyncSocket.cpp
         ExperimentControlDlg.cpp
         ExperimentControl.cpp
         Generating Code...
       ResourceCompile:
         All outputs are up-to-date.
       ManifestResourceCompile:
         All outputs are up-to-date.
       Link:
         C:\Program Files (x86)\Microsoft Visual Studio 10.0\VC\bin\link.exe /ERRORREPORT:PROMPT /OUT:"C:\Users\awisti\Documents\Visual Studio 2010\Projects\ExperimentControl\Debug\ExperimentControl.exe" /INCREMENTAL /NOLOGO /MANIFEST /ManifestFile:"Debug\ExperimentControl.exe.intermediate.manifest" /MANIFESTUAC:"level='asInvoker' uiAccess='false'" /DEBUG /PDB:"C:\Users\awisti\Documents\Visual Studio 2010\Projects\ExperimentControl\Debug\ExperimentControl.pdb" /SUBSYSTEM:WINDOWS /TLBID:1 /ENTRY:"wWinMainCRTStartup" /DYNAMICBASE /NXCOMPAT /IMPLIB:"C:\Users\awisti\Documents\Visual Studio 2010\Projects\ExperimentControl\Debug\ExperimentControl.lib" /MACHINE:X86 Debug\ExperimentControl.res
         Debug\ExperimentControl.exe.embed.manifest.res
         Debug\ExperimentControl.obj
         Debug\ExperimentControlDlg.obj
         Debug\MyCAsyncSocket.obj
         Debug\stdafx.obj
       Manifest:
         C:\Program Files (x86)\Microsoft SDKs\Windows\v7.0A\bin\mt.exe /nologo /verbose /out:"Debug\ExperimentControl.exe.embed.manifest" /manifest Debug\ExperimentControl.exe.intermediate.manifest "C:\Program Files (x86)\Microsoft Visual Studio 10.0\VC\Include\Manifest\dpiaware.manifest"
         All outputs are up-to-date.
       LinkEmbedManifest:
         All outputs are up-to-date.
         ExperimentControl.vcxproj -> C:\Users\awisti\Documents\Visual Studio 2010\Projects\ExperimentControl\Debug\ExperimentControl.exe
       FinalizeBuildStatus:
         Deleting file "Debug\ExperimentControl.unsuccessfulbuild".
         Touching "Debug\ExperimentControl.lastbuildstate".
     1>Done Building Project "C:\Users\awisti\Documents\Visual Studio 2010\Projects\ExperimentControl\ExperimentControl\ExperimentControl.vcxproj" (build target(s)).

Build succeeded.

Time Elapsed 00:00:03.73
