Build started 4/1/2014 7:02:55 PM.
     1>Project "C:\Users\awisti\Documents\Visual Studio 2010\Projects\ExperimentControl\ExperimentControl\ExperimentControl.vcxproj" on node 2 (build target(s)).
     1>InitializeBuildStatus:
         Creating "Release\ExperimentControl.unsuccessfulbuild" because "AlwaysCreate" was specified.
       ClCompile:
         All outputs are up-to-date.
         C:\Program Files (x86)\Microsoft Visual Studio 10.0\VC\bin\CL.exe /c /Zi /nologo /W3 /WX- /O2 /Oi /Oy- /GL /D WIN32 /D _WINDOWS /D NDEBUG /D _UNICODE /D UNICODE /D _AFXDLL /Gm- /EHsc /MD /GS /Gy /fp:precise /Zc:wchar_t /Zc:forScope /Yu"StdAfx.h" /Fp"Release\ExperimentControl.pch" /Fo"Release\\" /Fd"Release\vc100.pdb" /Gd /TP /analyze- /errorReport:prompt ExperimentControl.cpp ExperimentControlDlg.cpp MyCAsyncSocket.cpp
         ExperimentControl.cpp
         ExperimentControlDlg.cpp
         MyCAsyncSocket.cpp
       ResourceCompile:
         All outputs are up-to-date.
       Link:
         C:\Program Files (x86)\Microsoft Visual Studio 10.0\VC\bin\link.exe /ERRORREPORT:PROMPT /OUT:"C:\Users\awisti\Documents\Visual Studio 2010\Projects\ExperimentControl\Release\ExperimentControl.exe" /INCREMENTAL:NO /NOLOGO /MANIFEST /ManifestFile:"Release\ExperimentControl.exe.intermediate.manifest" /MANIFESTUAC:"level='asInvoker' uiAccess='false'" /DEBUG /PDB:"C:\Users\awisti\Documents\Visual Studio 2010\Projects\ExperimentControl\Release\ExperimentControl.pdb" /SUBSYSTEM:WINDOWS /OPT:REF /OPT:ICF /LTCG /TLBID:1 /ENTRY:"wWinMainCRTStartup" /DYNAMICBASE /NXCOMPAT /IMPLIB:"C:\Users\awisti\Documents\Visual Studio 2010\Projects\ExperimentControl\Release\ExperimentControl.lib" /MACHINE:X86 Release\ExperimentControl.res
         Release\ExperimentControl.obj
         Release\ExperimentControlDlg.obj
         Release\MyCAsyncSocket.obj
         Release\stdafx.obj
         Generating code
         Finished generating code
         ExperimentControl.vcxproj -> C:\Users\awisti\Documents\Visual Studio 2010\Projects\ExperimentControl\Release\ExperimentControl.exe
       Manifest:
         C:\Program Files (x86)\Microsoft SDKs\Windows\v7.0A\bin\mt.exe /nologo /verbose /outputresource:"C:\Users\awisti\Documents\Visual Studio 2010\Projects\ExperimentControl\Release\ExperimentControl.exe;#1" /manifest Release\ExperimentControl.exe.intermediate.manifest "C:\Program Files (x86)\Microsoft Visual Studio 10.0\VC\Include\Manifest\dpiaware.manifest"
       FinalizeBuildStatus:
         Deleting file "Release\ExperimentControl.unsuccessfulbuild".
         Touching "Release\ExperimentControl.lastbuildstate".
     1>Done Building Project "C:\Users\awisti\Documents\Visual Studio 2010\Projects\ExperimentControl\ExperimentControl\ExperimentControl.vcxproj" (build target(s)).

Build succeeded.

Time Elapsed 00:00:01.18
